{"/home/cmp03/Development/cours/2023-2024/clean-code/src/infrastructure.ts": {"path":"/home/cmp03/Development/cours/2023-2024/clean-code/src/infrastructure.ts","statementMap":{"0":{"start":{"line":2,"column":13},"end":{"line":9,"column":null}}},"fnMap":{},"branchMap":{},"s":{"0":1},"f":{},"b":{}}
,"/home/cmp03/Development/cours/2023-2024/clean-code/src/inversify.config.ts": {"path":"/home/cmp03/Development/cours/2023-2024/clean-code/src/inversify.config.ts","statementMap":{"0":{"start":{"line":1,"column":0},"end":{"line":1,"column":38}},"1":{"start":{"line":2,"column":0},"end":{"line":2,"column":41}},"2":{"start":{"line":3,"column":0},"end":{"line":3,"column":78}},"3":{"start":{"line":4,"column":0},"end":{"line":4,"column":86}},"4":{"start":{"line":5,"column":0},"end":{"line":5,"column":86}},"5":{"start":{"line":6,"column":0},"end":{"line":6,"column":81}},"6":{"start":{"line":7,"column":0},"end":{"line":7,"column":74}},"7":{"start":{"line":8,"column":0},"end":{"line":8,"column":74}},"8":{"start":{"line":10,"column":18},"end":{"line":10,"column":33}},"9":{"start":{"line":19,"column":9},"end":{"line":19,"column":18}},"10":{"start":{"line":11,"column":0},"end":{"line":11,"column":74}},"11":{"start":{"line":12,"column":0},"end":{"line":12,"column":84}},"12":{"start":{"line":13,"column":0},"end":{"line":13,"column":97}},"13":{"start":{"line":14,"column":0},"end":{"line":14,"column":78}},"14":{"start":{"line":15,"column":0},"end":{"line":15,"column":69}},"15":{"start":{"line":16,"column":0},"end":{"line":16,"column":69}}},"fnMap":{},"branchMap":{},"s":{"0":1,"1":1,"2":1,"3":1,"4":1,"5":1,"6":1,"7":1,"8":1,"9":1,"10":1,"11":1,"12":1,"13":1,"14":1,"15":1},"f":{},"b":{}}
,"/home/cmp03/Development/cours/2023-2024/clean-code/src/entities/card.ts": {"path":"/home/cmp03/Development/cours/2023-2024/clean-code/src/entities/card.ts","statementMap":{"0":{"start":{"line":3,"column":0},"end":{"line":3,"column":13}},"1":{"start":{"line":5,"column":113},"end":{"line":5,"column":167}},"2":{"start":{"line":5,"column":23},"end":{"line":5,"column":33}},"3":{"start":{"line":5,"column":42},"end":{"line":5,"column":58}},"4":{"start":{"line":5,"column":67},"end":{"line":5,"column":81}},"5":{"start":{"line":5,"column":90},"end":{"line":5,"column":104}},"6":{"start":{"line":5,"column":113},"end":{"line":5,"column":139}},"7":{"start":{"line":5,"column":167},"end":{"line":5,"column":179}},"8":{"start":{"line":6,"column":8},"end":{"line":6,"column":null}},"9":{"start":{"line":9,"column":4},"end":{"line":17,"column":null}},"10":{"start":{"line":10,"column":8},"end":{"line":16,"column":null}},"11":{"start":{"line":18,"column":0},"end":{"line":18,"column":null}},"12":{"start":{"line":3,"column":13},"end":{"line":3,"column":17}},"13":{"start":{"line":20,"column":0},"end":{"line":20,"column":null}},"14":{"start":{"line":28,"column":4},"end":{"line":28,"column":null}},"15":{"start":{"line":29,"column":8},"end":{"line":29,"column":null}},"16":{"start":{"line":30,"column":8},"end":{"line":30,"column":null}},"17":{"start":{"line":31,"column":8},"end":{"line":31,"column":null}},"18":{"start":{"line":32,"column":8},"end":{"line":32,"column":null}},"19":{"start":{"line":33,"column":8},"end":{"line":33,"column":null}},"20":{"start":{"line":34,"column":8},"end":{"line":34,"column":null}},"21":{"start":{"line":35,"column":8},"end":{"line":35,"column":null}},"22":{"start":{"line":36,"column":8},"end":{"line":36,"column":null}}},"fnMap":{"0":{"name":"(anonymous_0)","decl":{"start":{"line":3,"column":0},"end":{"line":3,"column":13}},"loc":{"start":{"line":3,"column":0},"end":{"line":18,"column":null}}},"1":{"name":"Card","decl":{"start":{"line":5,"column":4},"end":{"line":5,"column":23}},"loc":{"start":{"line":5,"column":179},"end":{"line":7,"column":5}}},"2":{"name":"(anonymous_2)","decl":{"start":{"line":9,"column":4},"end":{"line":9,"column":10}},"loc":{"start":{"line":9,"column":4},"end":{"line":17,"column":5}}},"3":{"name":"(anonymous_3)","decl":{"start":{"line":20,"column":0},"end":{"line":20,"column":17}},"loc":{"start":{"line":20,"column":21},"end":{"line":38,"column":1}}},"4":{"name":"(anonymous_4)","decl":{"start":{"line":28,"column":4},"end":{"line":28,"column":16}},"loc":{"start":{"line":28,"column":24},"end":{"line":37,"column":5}}}},"branchMap":{"0":{"loc":{"start":{"line":5,"column":113},"end":{"line":5,"column":167}},"type":"if","locations":[{"start":{"line":5,"column":113},"end":{"line":5,"column":167}}]},"1":{"loc":{"start":{"line":28,"column":16},"end":{"line":28,"column":null}},"type":"binary-expr","locations":[{"start":{"line":28,"column":16},"end":{"line":28,"column":24}},{"start":{"line":28,"column":16},"end":{"line":28,"column":null}}]},"2":{"loc":{"start":{"line":20,"column":17},"end":{"line":20,"column":null}},"type":"binary-expr","locations":[{"start":{"line":20,"column":17},"end":{"line":20,"column":21}},{"start":{"line":20,"column":17},"end":{"line":20,"column":null}}]}},"s":{"0":1,"1":1,"2":1,"3":1,"4":1,"5":1,"6":1,"7":1,"8":1,"9":1,"10":0,"11":1,"12":2,"13":1,"14":1,"15":1,"16":1,"17":1,"18":1,"19":1,"20":1,"21":1,"22":1},"f":{"0":1,"1":1,"2":0,"3":1,"4":1},"b":{"0":[0],"1":[1,1],"2":[1,0]}}
,"/home/cmp03/Development/cours/2023-2024/clean-code/src/entities/not-found.ts": {"path":"/home/cmp03/Development/cours/2023-2024/clean-code/src/entities/not-found.ts","statementMap":{"0":{"start":{"line":1,"column":0},"end":{"line":1,"column":42}},"1":{"start":{"line":1,"column":35},"end":{"line":1,"column":40}},"2":{"start":{"line":1,"column":42},"end":{"line":1,"column":null}},"3":{"start":{"line":1,"column":13},"end":{"line":1,"column":26}}},"fnMap":{"0":{"name":"(anonymous_6)","decl":{"start":{"line":1,"column":0},"end":{"line":1,"column":13}},"loc":{"start":{"line":1,"column":0},"end":{"line":1,"column":-1}}}},"branchMap":{},"s":{"0":1,"1":1,"2":1,"3":1},"f":{"0":1},"b":{}}
,"/home/cmp03/Development/cours/2023-2024/clean-code/src/entities/user.ts": {"path":"/home/cmp03/Development/cours/2023-2024/clean-code/src/entities/user.ts","statementMap":{"0":{"start":{"line":1,"column":0},"end":{"line":1,"column":13}},"1":{"start":{"line":2,"column":23},"end":{"line":2,"column":33}},"2":{"start":{"line":3,"column":0},"end":{"line":3,"column":null}},"3":{"start":{"line":1,"column":13},"end":{"line":1,"column":17}}},"fnMap":{"0":{"name":"(anonymous_0)","decl":{"start":{"line":1,"column":0},"end":{"line":1,"column":13}},"loc":{"start":{"line":1,"column":0},"end":{"line":3,"column":null}}},"1":{"name":"User","decl":{"start":{"line":2,"column":4},"end":{"line":2,"column":23}},"loc":{"start":{"line":2,"column":33},"end":{"line":2,"column":37}}}},"branchMap":{},"s":{"0":1,"1":1,"2":1,"3":1},"f":{"0":1,"1":1},"b":{}}
,"/home/cmp03/Development/cours/2023-2024/clean-code/src/ports/rest.port.ts": {"path":"/home/cmp03/Development/cours/2023-2024/clean-code/src/ports/rest.port.ts","statementMap":{"0":{"start":{"line":2,"column":0},"end":{"line":2,"column":30}},"1":{"start":{"line":3,"column":0},"end":{"line":3,"column":47}},"2":{"start":{"line":4,"column":0},"end":{"line":4,"column":42}},"3":{"start":{"line":5,"column":0},"end":{"line":5,"column":54}},"4":{"start":{"line":12,"column":0},"end":{"line":11,"column":1}},"5":{"start":{"line":17,"column":8},"end":{"line":17,"column":32}},"6":{"start":{"line":20,"column":11},"end":{"line":65,"column":null}},"7":{"start":{"line":20,"column":4},"end":{"line":20,"column":11}},"8":{"start":{"line":21,"column":8},"end":{"line":21,"column":40}},"9":{"start":{"line":23,"column":8},"end":{"line":30,"column":11}},"10":{"start":{"line":23,"column":55},"end":{"line":30,"column":10}},"11":{"start":{"line":24,"column":18},"end":{"line":24,"column":null}},"12":{"start":{"line":25,"column":12},"end":{"line":27,"column":null}},"13":{"start":{"line":26,"column":16},"end":{"line":26,"column":null}},"14":{"start":{"line":29,"column":12},"end":{"line":29,"column":21}},"15":{"start":{"line":29,"column":21},"end":{"line":29,"column":36}},"16":{"start":{"line":29,"column":36},"end":{"line":29,"column":101}},"17":{"start":{"line":29,"column":12},"end":{"line":29,"column":null}},"18":{"start":{"line":32,"column":8},"end":{"line":44,"column":11}},"19":{"start":{"line":32,"column":62},"end":{"line":44,"column":10}},"20":{"start":{"line":34,"column":22},"end":{"line":34,"column":null}},"21":{"start":{"line":35,"column":16},"end":{"line":35,"column":null}},"22":{"start":{"line":37,"column":16},"end":{"line":37,"column":25}},"23":{"start":{"line":37,"column":25},"end":{"line":37,"column":40}},"24":{"start":{"line":37,"column":40},"end":{"line":37,"column":99}},"25":{"start":{"line":37,"column":16},"end":{"line":37,"column":null}},"26":{"start":{"line":39,"column":16},"end":{"line":39,"column":null}},"27":{"start":{"line":40,"column":16},"end":{"line":42,"column":null}},"28":{"start":{"line":41,"column":20},"end":{"line":41,"column":null}},"29":{"start":{"line":46,"column":8},"end":{"line":53,"column":11}},"30":{"start":{"line":46,"column":49},"end":{"line":53,"column":10}},"31":{"start":{"line":47,"column":16},"end":{"line":47,"column":23}},"32":{"start":{"line":49,"column":16},"end":{"line":49,"column":25}},"33":{"start":{"line":49,"column":25},"end":{"line":49,"column":40}},"34":{"start":{"line":49,"column":40},"end":{"line":49,"column":91}},"35":{"start":{"line":49,"column":16},"end":{"line":49,"column":93}},"36":{"start":{"line":51,"column":16},"end":{"line":51,"column":25}},"37":{"start":{"line":51,"column":25},"end":{"line":51,"column":40}},"38":{"start":{"line":51,"column":40},"end":{"line":51,"column":78}},"39":{"start":{"line":51,"column":16},"end":{"line":51,"column":80}},"40":{"start":{"line":55,"column":8},"end":{"line":57,"column":11}},"41":{"start":{"line":55,"column":50},"end":{"line":57,"column":10}},"42":{"start":{"line":56,"column":12},"end":{"line":56,"column":21}},"43":{"start":{"line":56,"column":21},"end":{"line":56,"column":36}},"44":{"start":{"line":56,"column":36},"end":{"line":56,"column":104}},"45":{"start":{"line":56,"column":12},"end":{"line":56,"column":null}},"46":{"start":{"line":62,"column":8},"end":{"line":64,"column":null}},"47":{"start":{"line":63,"column":12},"end":{"line":63,"column":null}},"48":{"start":{"line":13,"column":4},"end":{"line":13,"column":null}},"49":{"start":{"line":12,"column":13},"end":{"line":66,"column":null}},"50":{"start":{"line":66,"column":0},"end":{"line":66,"column":null}},"51":{"start":{"line":12,"column":13},"end":{"line":12,"column":28}}},"fnMap":{"0":{"name":"(anonymous_16)","decl":{"start":{"line":12,"column":0},"end":{"line":12,"column":13}},"loc":{"start":{"line":12,"column":0},"end":{"line":11,"column":1}}},"1":{"name":"ExpressRestPort","decl":{"start":{"line":16,"column":4},"end":{"line":16,"column":null}},"loc":{"start":{"line":16,"column":4},"end":{"line":18,"column":5}}},"2":{"name":"(anonymous_18)","decl":{"start":{"line":20,"column":4},"end":{"line":20,"column":11}},"loc":{"start":{"line":20,"column":29},"end":{"line":65,"column":5}}},"3":{"name":"(anonymous_19)","decl":{"start":{"line":23,"column":40},"end":{"line":23,"column":47}},"loc":{"start":{"line":23,"column":55},"end":{"line":30,"column":10}}},"4":{"name":"(anonymous_20)","decl":{"start":{"line":23,"column":55},"end":{"line":23,"column":null}},"loc":{"start":{"line":23,"column":55},"end":{"line":30,"column":10}}},"5":{"name":"(anonymous_22)","decl":{"start":{"line":32,"column":47},"end":{"line":32,"column":54}},"loc":{"start":{"line":32,"column":62},"end":{"line":44,"column":10}}},"6":{"name":"(anonymous_23)","decl":{"start":{"line":32,"column":62},"end":{"line":32,"column":null}},"loc":{"start":{"line":32,"column":62},"end":{"line":44,"column":10}}},"7":{"name":"(anonymous_25)","decl":{"start":{"line":46,"column":34},"end":{"line":46,"column":41}},"loc":{"start":{"line":46,"column":49},"end":{"line":53,"column":10}}},"8":{"name":"(anonymous_26)","decl":{"start":{"line":46,"column":49},"end":{"line":46,"column":null}},"loc":{"start":{"line":46,"column":49},"end":{"line":53,"column":10}}},"9":{"name":"(anonymous_28)","decl":{"start":{"line":55,"column":35},"end":{"line":55,"column":42}},"loc":{"start":{"line":55,"column":50},"end":{"line":57,"column":10}}},"10":{"name":"(anonymous_29)","decl":{"start":{"line":55,"column":50},"end":{"line":55,"column":null}},"loc":{"start":{"line":55,"column":50},"end":{"line":57,"column":10}}},"11":{"name":"(anonymous_31)","decl":{"start":{"line":62,"column":33},"end":{"line":62,"column":null}},"loc":{"start":{"line":62,"column":33},"end":{"line":64,"column":9}}}},"branchMap":{"0":{"loc":{"start":{"line":25,"column":12},"end":{"line":27,"column":null}},"type":"if","locations":[{"start":{"line":25,"column":12},"end":{"line":27,"column":null}}]},"1":{"loc":{"start":{"line":40,"column":16},"end":{"line":42,"column":null}},"type":"if","locations":[{"start":{"line":40,"column":16},"end":{"line":42,"column":null}}]},"2":{"loc":{"start":{"line":47,"column":16},"end":{"line":47,"column":23}},"type":"if","locations":[{"start":{"line":47,"column":16},"end":{"line":47,"column":23}}]}},"s":{"0":1,"1":1,"2":1,"3":1,"4":1,"5":0,"6":1,"7":0,"8":0,"9":0,"10":0,"11":0,"12":0,"13":0,"14":0,"15":0,"16":0,"17":0,"18":0,"19":0,"20":0,"21":0,"22":0,"23":0,"24":0,"25":0,"26":0,"27":0,"28":0,"29":0,"30":0,"31":0,"32":0,"33":0,"34":0,"35":0,"36":0,"37":0,"38":0,"39":0,"40":0,"41":0,"42":0,"43":0,"44":0,"45":0,"46":0,"47":0,"48":1,"49":1,"50":1,"51":1},"f":{"0":1,"1":0,"2":0,"3":0,"4":0,"5":0,"6":0,"7":0,"8":0,"9":0,"10":0,"11":0},"b":{"0":[0],"1":[0],"2":[0]}}
,"/home/cmp03/Development/cours/2023-2024/clean-code/src/repositories/card.repository.ts": {"path":"/home/cmp03/Development/cours/2023-2024/clean-code/src/repositories/card.repository.ts","statementMap":{"0":{"start":{"line":1,"column":0},"end":{"line":1,"column":47}},"1":{"start":{"line":2,"column":0},"end":{"line":2,"column":40}},"2":{"start":{"line":4,"column":0},"end":{"line":4,"column":42}},"3":{"start":{"line":15,"column":0},"end":{"line":15,"column":13}},"4":{"start":{"line":17,"column":12},"end":{"line":17,"column":null}},"5":{"start":{"line":19,"column":11},"end":{"line":24,"column":null}},"6":{"start":{"line":19,"column":32},"end":{"line":19,"column":34}},"7":{"start":{"line":19,"column":40},"end":{"line":19,"column":42}},"8":{"start":{"line":19,"column":45},"end":{"line":19,"column":47}},"9":{"start":{"line":19,"column":51},"end":{"line":19,"column":65}},"10":{"start":{"line":20,"column":19},"end":{"line":20,"column":50}},"11":{"start":{"line":21,"column":21},"end":{"line":21,"column":85}},"12":{"start":{"line":22,"column":8},"end":{"line":22,"column":null}},"13":{"start":{"line":23,"column":8},"end":{"line":23,"column":null}},"14":{"start":{"line":27,"column":11},"end":{"line":29,"column":null}},"15":{"start":{"line":28,"column":8},"end":{"line":28,"column":null}},"16":{"start":{"line":28,"column":43},"end":{"line":28,"column":104}},"17":{"start":{"line":31,"column":11},"end":{"line":42,"column":null}},"18":{"start":{"line":32,"column":8},"end":{"line":32,"column":null}},"19":{"start":{"line":33,"column":24},"end":{"line":33,"column":82}},"20":{"start":{"line":33,"column":56},"end":{"line":33,"column":82}},"21":{"start":{"line":35,"column":8},"end":{"line":37,"column":null}},"22":{"start":{"line":36,"column":12},"end":{"line":36,"column":null}},"23":{"start":{"line":39,"column":8},"end":{"line":39,"column":null}},"24":{"start":{"line":41,"column":8},"end":{"line":41,"column":null}},"25":{"start":{"line":44,"column":11},"end":{"line":52,"column":null}},"26":{"start":{"line":45,"column":21},"end":{"line":45,"column":66}},"27":{"start":{"line":45,"column":47},"end":{"line":45,"column":66}},"28":{"start":{"line":47,"column":8},"end":{"line":49,"column":null}},"29":{"start":{"line":48,"column":12},"end":{"line":48,"column":null}},"30":{"start":{"line":51,"column":8},"end":{"line":51,"column":null}},"31":{"start":{"line":16,"column":4},"end":{"line":16,"column":null}},"32":{"start":{"line":15,"column":13},"end":{"line":53,"column":null}},"33":{"start":{"line":53,"column":0},"end":{"line":53,"column":null}},"34":{"start":{"line":15,"column":13},"end":{"line":15,"column":33}}},"fnMap":{"0":{"name":"(anonymous_3)","decl":{"start":{"line":15,"column":0},"end":{"line":15,"column":13}},"loc":{"start":{"line":15,"column":0},"end":{"line":15,"column":13}}},"1":{"name":"(anonymous_5)","decl":{"start":{"line":19,"column":4},"end":{"line":19,"column":11}},"loc":{"start":{"line":19,"column":65},"end":{"line":24,"column":5}}},"2":{"name":"(anonymous_6)","decl":{"start":{"line":27,"column":4},"end":{"line":27,"column":11}},"loc":{"start":{"line":27,"column":51},"end":{"line":29,"column":5}}},"3":{"name":"(anonymous_7)","decl":{"start":{"line":28,"column":33},"end":{"line":28,"column":34}},"loc":{"start":{"line":28,"column":38},"end":{"line":28,"column":47}}},"4":{"name":"(anonymous_8)","decl":{"start":{"line":31,"column":4},"end":{"line":31,"column":11}},"loc":{"start":{"line":31,"column":32},"end":{"line":42,"column":5}}},"5":{"name":"(anonymous_9)","decl":{"start":{"line":33,"column":40},"end":{"line":33,"column":41}},"loc":{"start":{"line":33,"column":51},"end":{"line":33,"column":66}}},"6":{"name":"(anonymous_10)","decl":{"start":{"line":44,"column":4},"end":{"line":44,"column":11}},"loc":{"start":{"line":44,"column":33},"end":{"line":52,"column":5}}},"7":{"name":"(anonymous_11)","decl":{"start":{"line":45,"column":37},"end":{"line":45,"column":38}},"loc":{"start":{"line":45,"column":42},"end":{"line":45,"column":51}}}},"branchMap":{"0":{"loc":{"start":{"line":28,"column":43},"end":{"line":28,"column":103}},"type":"binary-expr","locations":[{"start":{"line":28,"column":43},"end":{"line":28,"column":66}},{"start":{"line":28,"column":71},"end":{"line":28,"column":100}}]},"1":{"loc":{"start":{"line":28,"column":71},"end":{"line":28,"column":100}},"type":"cond-expr","locations":[{"start":{"line":28,"column":77},"end":{"line":28,"column":93}},{"start":{"line":28,"column":96},"end":{"line":28,"column":100}}]},"2":{"loc":{"start":{"line":35,"column":8},"end":{"line":37,"column":null}},"type":"if","locations":[{"start":{"line":35,"column":8},"end":{"line":37,"column":null}}]},"3":{"loc":{"start":{"line":47,"column":8},"end":{"line":49,"column":null}},"type":"if","locations":[{"start":{"line":47,"column":8},"end":{"line":49,"column":null}}]}},"s":{"0":1,"1":1,"2":1,"3":1,"4":1,"5":1,"6":1,"7":1,"8":1,"9":1,"10":1,"11":1,"12":1,"13":1,"14":1,"15":0,"16":0,"17":1,"18":0,"19":0,"20":0,"21":0,"22":0,"23":0,"24":0,"25":1,"26":0,"27":0,"28":0,"29":0,"30":0,"31":1,"32":1,"33":1,"34":1},"f":{"0":2,"1":1,"2":0,"3":0,"4":0,"5":0,"6":0,"7":0},"b":{"0":[0,0],"1":[0,0],"2":[0],"3":[0]}}
,"/home/cmp03/Development/cours/2023-2024/clean-code/src/repositories/user.repository.ts": {"path":"/home/cmp03/Development/cours/2023-2024/clean-code/src/repositories/user.repository.ts","statementMap":{"0":{"start":{"line":1,"column":0},"end":{"line":1,"column":47}},"1":{"start":{"line":2,"column":0},"end":{"line":2,"column":40}},"2":{"start":{"line":12,"column":0},"end":{"line":12,"column":13}},"3":{"start":{"line":13,"column":4},"end":{"line":17,"column":null}},"4":{"start":{"line":14,"column":21},"end":{"line":14,"column":39}},"5":{"start":{"line":16,"column":8},"end":{"line":16,"column":null}},"6":{"start":{"line":19,"column":4},"end":{"line":21,"column":null}},"7":{"start":{"line":20,"column":8},"end":{"line":20,"column":null}},"8":{"start":{"line":12,"column":13},"end":{"line":23,"column":null}},"9":{"start":{"line":23,"column":0},"end":{"line":23,"column":null}},"10":{"start":{"line":12,"column":13},"end":{"line":12,"column":33}}},"fnMap":{"0":{"name":"(anonymous_1)","decl":{"start":{"line":12,"column":0},"end":{"line":12,"column":13}},"loc":{"start":{"line":12,"column":0},"end":{"line":12,"column":13}}},"1":{"name":"(anonymous_3)","decl":{"start":{"line":13,"column":4},"end":{"line":13,"column":12}},"loc":{"start":{"line":13,"column":4},"end":{"line":17,"column":5}}},"2":{"name":"(anonymous_4)","decl":{"start":{"line":19,"column":4},"end":{"line":19,"column":11}},"loc":{"start":{"line":19,"column":22},"end":{"line":21,"column":5}}}},"branchMap":{},"s":{"0":1,"1":1,"2":1,"3":1,"4":0,"5":0,"6":1,"7":0,"8":1,"9":1,"10":1},"f":{"0":1,"1":0,"2":0},"b":{}}
,"/home/cmp03/Development/cours/2023-2024/clean-code/src/services/card.services.ts": {"path":"/home/cmp03/Development/cours/2023-2024/clean-code/src/services/card.services.ts","statementMap":{"0":{"start":{"line":1,"column":0},"end":{"line":1,"column":47}},"1":{"start":{"line":3,"column":0},"end":{"line":3,"column":40}},"2":{"start":{"line":4,"column":0},"end":{"line":4,"column":42}},"3":{"start":{"line":14,"column":0},"end":{"line":14,"column":13}},"4":{"start":{"line":18,"column":4},"end":{"line":37,"column":null}},"5":{"start":{"line":19,"column":8},"end":{"line":19,"column":null}},"6":{"start":{"line":19,"column":52},"end":{"line":19,"column":65}},"7":{"start":{"line":21,"column":8},"end":{"line":21,"column":null}},"8":{"start":{"line":21,"column":37},"end":{"line":21,"column":51}},"9":{"start":{"line":23,"column":36},"end":{"line":23,"column":77}},"10":{"start":{"line":25,"column":30},"end":{"line":25,"column":82}},"11":{"start":{"line":28,"column":8},"end":{"line":28,"column":null}},"12":{"start":{"line":28,"column":75},"end":{"line":28,"column":88}},"13":{"start":{"line":29,"column":8},"end":{"line":29,"column":null}},"14":{"start":{"line":29,"column":76},"end":{"line":29,"column":89}},"15":{"start":{"line":30,"column":8},"end":{"line":30,"column":null}},"16":{"start":{"line":30,"column":75},"end":{"line":30,"column":88}},"17":{"start":{"line":31,"column":8},"end":{"line":31,"column":null}},"18":{"start":{"line":31,"column":76},"end":{"line":31,"column":89}},"19":{"start":{"line":32,"column":8},"end":{"line":32,"column":null}},"20":{"start":{"line":32,"column":76},"end":{"line":32,"column":89}},"21":{"start":{"line":33,"column":8},"end":{"line":33,"column":null}},"22":{"start":{"line":33,"column":76},"end":{"line":33,"column":89}},"23":{"start":{"line":34,"column":8},"end":{"line":34,"column":null}},"24":{"start":{"line":34,"column":76},"end":{"line":34,"column":89}},"25":{"start":{"line":36,"column":8},"end":{"line":36,"column":null}},"26":{"start":{"line":39,"column":10},"end":{"line":58,"column":null}},"27":{"start":{"line":40,"column":8},"end":{"line":54,"column":null}},"28":{"start":{"line":41,"column":12},"end":{"line":41,"column":null}},"29":{"start":{"line":42,"column":15},"end":{"line":54,"column":null}},"30":{"start":{"line":43,"column":12},"end":{"line":43,"column":null}},"31":{"start":{"line":44,"column":15},"end":{"line":54,"column":null}},"32":{"start":{"line":45,"column":12},"end":{"line":45,"column":null}},"33":{"start":{"line":46,"column":15},"end":{"line":54,"column":null}},"34":{"start":{"line":47,"column":12},"end":{"line":47,"column":null}},"35":{"start":{"line":48,"column":15},"end":{"line":54,"column":null}},"36":{"start":{"line":49,"column":12},"end":{"line":49,"column":null}},"37":{"start":{"line":50,"column":15},"end":{"line":54,"column":null}},"38":{"start":{"line":51,"column":12},"end":{"line":51,"column":null}},"39":{"start":{"line":52,"column":15},"end":{"line":54,"column":null}},"40":{"start":{"line":53,"column":12},"end":{"line":53,"column":null}},"41":{"start":{"line":56,"column":15},"end":{"line":56,"column":null}},"42":{"start":{"line":56,"column":8},"end":{"line":56,"column":null}},"43":{"start":{"line":60,"column":10},"end":{"line":64,"column":null}},"44":{"start":{"line":61,"column":8},"end":{"line":61,"column":null}},"45":{"start":{"line":63,"column":15},"end":{"line":63,"column":null}},"46":{"start":{"line":63,"column":8},"end":{"line":63,"column":null}},"47":{"start":{"line":16,"column":4},"end":{"line":16,"column":null}},"48":{"start":{"line":14,"column":13},"end":{"line":65,"column":null}},"49":{"start":{"line":65,"column":0},"end":{"line":65,"column":null}},"50":{"start":{"line":14,"column":13},"end":{"line":14,"column":30}}},"fnMap":{"0":{"name":"(anonymous_15)","decl":{"start":{"line":14,"column":0},"end":{"line":14,"column":13}},"loc":{"start":{"line":14,"column":0},"end":{"line":14,"column":13}}},"1":{"name":"(anonymous_17)","decl":{"start":{"line":18,"column":4},"end":{"line":18,"column":18}},"loc":{"start":{"line":18,"column":41},"end":{"line":37,"column":5}}},"2":{"name":"(anonymous_18)","decl":{"start":{"line":39,"column":4},"end":{"line":39,"column":10}},"loc":{"start":{"line":39,"column":33},"end":{"line":58,"column":null}}},"3":{"name":"(anonymous_21)","decl":{"start":{"line":60,"column":4},"end":{"line":60,"column":10}},"loc":{"start":{"line":60,"column":35},"end":{"line":64,"column":null}}}},"branchMap":{"0":{"loc":{"start":{"line":19,"column":8},"end":{"line":19,"column":null}},"type":"if","locations":[{"start":{"line":19,"column":8},"end":{"line":19,"column":null}}]},"1":{"loc":{"start":{"line":21,"column":8},"end":{"line":21,"column":null}},"type":"if","locations":[{"start":{"line":21,"column":8},"end":{"line":21,"column":null}}]},"2":{"loc":{"start":{"line":28,"column":8},"end":{"line":28,"column":null}},"type":"if","locations":[{"start":{"line":28,"column":8},"end":{"line":28,"column":null}}]},"3":{"loc":{"start":{"line":28,"column":12},"end":{"line":28,"column":71}},"type":"binary-expr","locations":[{"start":{"line":28,"column":12},"end":{"line":28,"column":49}},{"start":{"line":28,"column":53},"end":{"line":28,"column":71}}]},"4":{"loc":{"start":{"line":29,"column":8},"end":{"line":29,"column":null}},"type":"if","locations":[{"start":{"line":29,"column":8},"end":{"line":29,"column":null}}]},"5":{"loc":{"start":{"line":29,"column":12},"end":{"line":29,"column":72}},"type":"binary-expr","locations":[{"start":{"line":29,"column":12},"end":{"line":29,"column":50}},{"start":{"line":29,"column":54},"end":{"line":29,"column":72}}]},"6":{"loc":{"start":{"line":30,"column":8},"end":{"line":30,"column":null}},"type":"if","locations":[{"start":{"line":30,"column":8},"end":{"line":30,"column":null}}]},"7":{"loc":{"start":{"line":30,"column":12},"end":{"line":30,"column":71}},"type":"binary-expr","locations":[{"start":{"line":30,"column":12},"end":{"line":30,"column":49}},{"start":{"line":30,"column":53},"end":{"line":30,"column":71}}]},"8":{"loc":{"start":{"line":31,"column":8},"end":{"line":31,"column":null}},"type":"if","locations":[{"start":{"line":31,"column":8},"end":{"line":31,"column":null}}]},"9":{"loc":{"start":{"line":31,"column":12},"end":{"line":31,"column":72}},"type":"binary-expr","locations":[{"start":{"line":31,"column":12},"end":{"line":31,"column":50}},{"start":{"line":31,"column":54},"end":{"line":31,"column":72}}]},"10":{"loc":{"start":{"line":32,"column":8},"end":{"line":32,"column":null}},"type":"if","locations":[{"start":{"line":32,"column":8},"end":{"line":32,"column":null}}]},"11":{"loc":{"start":{"line":32,"column":12},"end":{"line":32,"column":72}},"type":"binary-expr","locations":[{"start":{"line":32,"column":12},"end":{"line":32,"column":49}},{"start":{"line":32,"column":53},"end":{"line":32,"column":72}}]},"12":{"loc":{"start":{"line":33,"column":8},"end":{"line":33,"column":null}},"type":"if","locations":[{"start":{"line":33,"column":8},"end":{"line":33,"column":null}}]},"13":{"loc":{"start":{"line":33,"column":12},"end":{"line":33,"column":72}},"type":"binary-expr","locations":[{"start":{"line":33,"column":12},"end":{"line":33,"column":49}},{"start":{"line":33,"column":53},"end":{"line":33,"column":72}}]},"14":{"loc":{"start":{"line":34,"column":8},"end":{"line":34,"column":null}},"type":"if","locations":[{"start":{"line":34,"column":8},"end":{"line":34,"column":null}}]},"15":{"loc":{"start":{"line":34,"column":12},"end":{"line":34,"column":72}},"type":"binary-expr","locations":[{"start":{"line":34,"column":12},"end":{"line":34,"column":49}},{"start":{"line":34,"column":53},"end":{"line":34,"column":72}}]},"16":{"loc":{"start":{"line":56,"column":8},"end":{"line":56,"column":null}},"type":"switch","locations":[{"start":{"line":56,"column":8},"end":{"line":56,"column":null}}]},"17":{"loc":{"start":{"line":40,"column":8},"end":{"line":54,"column":null}},"type":"if","locations":[{"start":{"line":40,"column":8},"end":{"line":54,"column":null}},{"start":{"line":42,"column":15},"end":{"line":54,"column":null}}]},"18":{"loc":{"start":{"line":42,"column":15},"end":{"line":54,"column":null}},"type":"if","locations":[{"start":{"line":42,"column":15},"end":{"line":54,"column":null}},{"start":{"line":44,"column":15},"end":{"line":54,"column":null}}]},"19":{"loc":{"start":{"line":44,"column":15},"end":{"line":54,"column":null}},"type":"if","locations":[{"start":{"line":44,"column":15},"end":{"line":54,"column":null}},{"start":{"line":46,"column":15},"end":{"line":54,"column":null}}]},"20":{"loc":{"start":{"line":46,"column":15},"end":{"line":54,"column":null}},"type":"if","locations":[{"start":{"line":46,"column":15},"end":{"line":54,"column":null}},{"start":{"line":48,"column":15},"end":{"line":54,"column":null}}]},"21":{"loc":{"start":{"line":48,"column":15},"end":{"line":54,"column":null}},"type":"if","locations":[{"start":{"line":48,"column":15},"end":{"line":54,"column":null}},{"start":{"line":50,"column":15},"end":{"line":54,"column":null}}]},"22":{"loc":{"start":{"line":50,"column":15},"end":{"line":54,"column":null}},"type":"if","locations":[{"start":{"line":50,"column":15},"end":{"line":54,"column":null}},{"start":{"line":52,"column":15},"end":{"line":54,"column":null}}]},"23":{"loc":{"start":{"line":52,"column":15},"end":{"line":54,"column":null}},"type":"if","locations":[{"start":{"line":52,"column":15},"end":{"line":54,"column":null}}]},"24":{"loc":{"start":{"line":63,"column":8},"end":{"line":63,"column":null}},"type":"switch","locations":[{"start":{"line":63,"column":8},"end":{"line":63,"column":null}}]}},"s":{"0":1,"1":1,"2":1,"3":1,"4":1,"5":0,"6":0,"7":0,"8":0,"9":0,"10":0,"11":0,"12":0,"13":0,"14":0,"15":0,"16":0,"17":0,"18":0,"19":0,"20":0,"21":0,"22":0,"23":0,"24":0,"25":0,"26":1,"27":0,"28":0,"29":0,"30":0,"31":0,"32":0,"33":0,"34":0,"35":0,"36":0,"37":0,"38":0,"39":0,"40":0,"41":0,"42":0,"43":1,"44":0,"45":0,"46":0,"47":1,"48":1,"49":1,"50":1},"f":{"0":1,"1":0,"2":0,"3":0},"b":{"0":[0],"1":[0],"2":[0],"3":[0,0],"4":[0],"5":[0,0],"6":[0],"7":[0,0],"8":[0],"9":[0,0],"10":[0],"11":[0,0],"12":[0],"13":[0,0],"14":[0],"15":[0,0],"16":[0],"17":[0,0],"18":[0,0],"19":[0,0],"20":[0,0],"21":[0,0],"22":[0,0],"23":[0],"24":[0]}}
,"/home/cmp03/Development/cours/2023-2024/clean-code/src/services/uuid.services.ts": {"path":"/home/cmp03/Development/cours/2023-2024/clean-code/src/services/uuid.services.ts","statementMap":{"0":{"start":{"line":1,"column":0},"end":{"line":1,"column":39}},"1":{"start":{"line":2,"column":0},"end":{"line":2,"column":36}},"2":{"start":{"line":9,"column":0},"end":{"line":9,"column":13}},"3":{"start":{"line":10,"column":4},"end":{"line":12,"column":null}},"4":{"start":{"line":11,"column":8},"end":{"line":11,"column":null}},"5":{"start":{"line":9,"column":13},"end":{"line":14,"column":null}},"6":{"start":{"line":14,"column":0},"end":{"line":14,"column":null}},"7":{"start":{"line":9,"column":13},"end":{"line":9,"column":30}}},"fnMap":{"0":{"name":"(anonymous_1)","decl":{"start":{"line":9,"column":0},"end":{"line":9,"column":13}},"loc":{"start":{"line":9,"column":0},"end":{"line":9,"column":13}}},"1":{"name":"(anonymous_3)","decl":{"start":{"line":10,"column":4},"end":{"line":10,"column":16}},"loc":{"start":{"line":10,"column":4},"end":{"line":12,"column":5}}}},"branchMap":{},"s":{"0":1,"1":1,"2":1,"3":1,"4":1,"5":1,"6":1,"7":1},"f":{"0":2,"1":1},"b":{}}
,"/home/cmp03/Development/cours/2023-2024/clean-code/src/use-cases/cards.use-case.ts": {"path":"/home/cmp03/Development/cours/2023-2024/clean-code/src/use-cases/cards.use-case.ts","statementMap":{"0":{"start":{"line":1,"column":0},"end":{"line":1,"column":46}},"1":{"start":{"line":3,"column":0},"end":{"line":3,"column":42}},"2":{"start":{"line":7,"column":0},"end":{"line":7,"column":54}},"3":{"start":{"line":17,"column":0},"end":{"line":17,"column":13}},"4":{"start":{"line":24,"column":17},"end":{"line":28,"column":null}},"5":{"start":{"line":25,"column":21},"end":{"line":25,"column":null}},"6":{"start":{"line":25,"column":14},"end":{"line":25,"column":null}},"7":{"start":{"line":27,"column":15},"end":{"line":27,"column":null}},"8":{"start":{"line":27,"column":8},"end":{"line":27,"column":null}},"9":{"start":{"line":30,"column":17},"end":{"line":39,"column":null}},"10":{"start":{"line":30,"column":38},"end":{"line":30,"column":40}},"11":{"start":{"line":30,"column":46},"end":{"line":30,"column":48}},"12":{"start":{"line":30,"column":51},"end":{"line":30,"column":74}},"13":{"start":{"line":31,"column":21},"end":{"line":31,"column":null}},"14":{"start":{"line":31,"column":14},"end":{"line":31,"column":null}},"15":{"start":{"line":33,"column":8},"end":{"line":38,"column":null}},"16":{"start":{"line":41,"column":17},"end":{"line":47,"column":null}},"17":{"start":{"line":41,"column":32},"end":{"line":41,"column":null}},"18":{"start":{"line":42,"column":21},"end":{"line":42,"column":null}},"19":{"start":{"line":42,"column":14},"end":{"line":42,"column":null}},"20":{"start":{"line":44,"column":22},"end":{"line":44,"column":null}},"21":{"start":{"line":44,"column":14},"end":{"line":44,"column":null}},"22":{"start":{"line":46,"column":8},"end":{"line":46,"column":null}},"23":{"start":{"line":46,"column":38},"end":{"line":46,"column":82}},"24":{"start":{"line":49,"column":17},"end":{"line":62,"column":null}},"25":{"start":{"line":51,"column":25},"end":{"line":51,"column":null}},"26":{"start":{"line":51,"column":18},"end":{"line":51,"column":null}},"27":{"start":{"line":53,"column":16},"end":{"line":53,"column":23}},"28":{"start":{"line":54,"column":23},"end":{"line":54,"column":null}},"29":{"start":{"line":54,"column":16},"end":{"line":54,"column":null}},"30":{"start":{"line":56,"column":23},"end":{"line":56,"column":null}},"31":{"start":{"line":56,"column":16},"end":{"line":56,"column":null}},"32":{"start":{"line":60,"column":12},"end":{"line":60,"column":null}},"33":{"start":{"line":18,"column":4},"end":{"line":18,"column":null}},"34":{"start":{"line":20,"column":4},"end":{"line":20,"column":null}},"35":{"start":{"line":21,"column":4},"end":{"line":21,"column":null}},"36":{"start":{"line":17,"column":13},"end":{"line":64,"column":null}},"37":{"start":{"line":64,"column":0},"end":{"line":64,"column":null}},"38":{"start":{"line":17,"column":13},"end":{"line":17,"column":25}}},"fnMap":{"0":{"name":"(anonymous_15)","decl":{"start":{"line":17,"column":0},"end":{"line":17,"column":13}},"loc":{"start":{"line":17,"column":0},"end":{"line":17,"column":13}}},"1":{"name":"(anonymous_17)","decl":{"start":{"line":24,"column":4},"end":{"line":24,"column":17}},"loc":{"start":{"line":24,"column":41},"end":{"line":28,"column":null}}},"2":{"name":"(anonymous_20)","decl":{"start":{"line":30,"column":4},"end":{"line":30,"column":17}},"loc":{"start":{"line":30,"column":74},"end":{"line":39,"column":null}}},"3":{"name":"(anonymous_23)","decl":{"start":{"line":41,"column":4},"end":{"line":41,"column":17}},"loc":{"start":{"line":41,"column":55},"end":{"line":47,"column":null}}},"4":{"name":"(anonymous_26)","decl":{"start":{"line":46,"column":28},"end":{"line":46,"column":29}},"loc":{"start":{"line":46,"column":33},"end":{"line":46,"column":42}}},"5":{"name":"(anonymous_27)","decl":{"start":{"line":49,"column":4},"end":{"line":49,"column":17}},"loc":{"start":{"line":49,"column":60},"end":{"line":62,"column":null}}}},"branchMap":{"0":{"loc":{"start":{"line":25,"column":21},"end":{"line":25,"column":null}},"type":"switch","locations":[{"start":{"line":25,"column":21},"end":{"line":25,"column":null}},{"start":{"line":27,"column":8},"end":{"line":27,"column":null}}]},"1":{"loc":{"start":{"line":31,"column":21},"end":{"line":31,"column":null}},"type":"switch","locations":[{"start":{"line":31,"column":21},"end":{"line":31,"column":null}}]},"2":{"loc":{"start":{"line":41,"column":32},"end":{"line":41,"column":null}},"type":"if","locations":[{"start":{"line":41,"column":32},"end":{"line":41,"column":null}}]},"3":{"loc":{"start":{"line":42,"column":21},"end":{"line":42,"column":null}},"type":"switch","locations":[{"start":{"line":42,"column":21},"end":{"line":42,"column":null}}]},"4":{"loc":{"start":{"line":54,"column":16},"end":{"line":54,"column":null}},"type":"switch","locations":[{"start":{"line":54,"column":16},"end":{"line":54,"column":null}},{"start":{"line":56,"column":23},"end":{"line":56,"column":null}},{"start":{"line":56,"column":16},"end":{"line":56,"column":null}}]},"5":{"loc":{"start":{"line":53,"column":16},"end":{"line":53,"column":23}},"type":"if","locations":[{"start":{"line":53,"column":16},"end":{"line":53,"column":23}}]}},"s":{"0":1,"1":1,"2":1,"3":1,"4":1,"5":0,"6":0,"7":0,"8":0,"9":1,"10":0,"11":0,"12":0,"13":0,"14":0,"15":0,"16":1,"17":0,"18":0,"19":0,"20":0,"21":0,"22":0,"23":0,"24":1,"25":0,"26":0,"27":0,"28":0,"29":0,"30":0,"31":0,"32":0,"33":1,"34":1,"35":1,"36":1,"37":1,"38":1},"f":{"0":1,"1":0,"2":0,"3":0,"4":0,"5":0},"b":{"0":[0,0],"1":[0],"2":[0],"3":[0],"4":[0,0,0],"5":[0]}}
}
