TN:
SF:src/infrastructure.ts
FNF:0
FNH:0
DA:2,1
LF:1
LH:1
BRF:0
BRH:0
end_of_record
TN:
SF:src/inversify.config.ts
FNF:0
FNH:0
DA:1,1
DA:2,1
DA:3,1
DA:4,1
DA:5,1
DA:6,1
DA:7,1
DA:8,1
DA:10,1
DA:11,1
DA:12,1
DA:13,1
DA:14,1
DA:15,1
DA:16,1
DA:19,1
LF:16
LH:16
BRF:0
BRH:0
end_of_record
TN:
SF:src/entities/card.ts
FN:3,(anonymous_0)
FN:5,Card
FN:9,(anonymous_2)
FN:20,(anonymous_3)
FN:28,(anonymous_4)
FNF:5
FNH:4
FNDA:1,(anonymous_0)
FNDA:1,Card
FNDA:0,(anonymous_2)
FNDA:1,(anonymous_3)
FNDA:1,(anonymous_4)
DA:3,2
DA:5,1
DA:6,1
DA:9,1
DA:10,0
DA:18,1
DA:20,1
DA:28,1
DA:29,1
DA:30,1
DA:31,1
DA:32,1
DA:33,1
DA:34,1
DA:35,1
DA:36,1
LF:16
LH:15
BRDA:5,0,0,0
BRDA:28,1,0,1
BRDA:28,1,1,1
BRDA:20,2,0,1
BRDA:20,2,1,0
BRF:5
BRH:3
end_of_record
TN:
SF:src/entities/not-found.ts
FN:1,(anonymous_6)
FNF:1
FNH:1
FNDA:1,(anonymous_6)
DA:1,1
LF:1
LH:1
BRF:0
BRH:0
end_of_record
TN:
SF:src/entities/user.ts
FN:1,(anonymous_0)
FN:2,User
FNF:2
FNH:2
FNDA:1,(anonymous_0)
FNDA:1,User
DA:1,1
DA:2,1
DA:3,1
LF:3
LH:3
BRF:0
BRH:0
end_of_record
TN:
SF:src/ports/rest.port.ts
FN:12,(anonymous_16)
FN:16,ExpressRestPort
FN:20,(anonymous_18)
FN:23,(anonymous_19)
FN:23,(anonymous_20)
FN:32,(anonymous_22)
FN:32,(anonymous_23)
FN:46,(anonymous_25)
FN:46,(anonymous_26)
FN:55,(anonymous_28)
FN:55,(anonymous_29)
FN:62,(anonymous_31)
FNF:12
FNH:1
FNDA:1,(anonymous_16)
FNDA:0,ExpressRestPort
FNDA:0,(anonymous_18)
FNDA:0,(anonymous_19)
FNDA:0,(anonymous_20)
FNDA:0,(anonymous_22)
FNDA:0,(anonymous_23)
FNDA:0,(anonymous_25)
FNDA:0,(anonymous_26)
FNDA:0,(anonymous_28)
FNDA:0,(anonymous_29)
FNDA:0,(anonymous_31)
DA:2,1
DA:3,1
DA:4,1
DA:5,1
DA:12,1
DA:13,1
DA:17,0
DA:20,1
DA:21,0
DA:23,0
DA:24,0
DA:25,0
DA:26,0
DA:29,0
DA:32,0
DA:34,0
DA:35,0
DA:37,0
DA:39,0
DA:40,0
DA:41,0
DA:46,0
DA:47,0
DA:49,0
DA:51,0
DA:55,0
DA:56,0
DA:62,0
DA:63,0
DA:66,1
LF:30
LH:8
BRDA:25,0,0,0
BRDA:40,1,0,0
BRDA:47,2,0,0
BRF:3
BRH:0
end_of_record
TN:
SF:src/repositories/card.repository.ts
FN:15,(anonymous_3)
FN:19,(anonymous_5)
FN:27,(anonymous_6)
FN:28,(anonymous_7)
FN:31,(anonymous_8)
FN:33,(anonymous_9)
FN:44,(anonymous_10)
FN:45,(anonymous_11)
FNF:8
FNH:2
FNDA:2,(anonymous_3)
FNDA:1,(anonymous_5)
FNDA:0,(anonymous_6)
FNDA:0,(anonymous_7)
FNDA:0,(anonymous_8)
FNDA:0,(anonymous_9)
FNDA:0,(anonymous_10)
FNDA:0,(anonymous_11)
DA:1,1
DA:2,1
DA:4,1
DA:15,1
DA:16,1
DA:17,1
DA:19,1
DA:20,1
DA:21,1
DA:22,1
DA:23,1
DA:27,1
DA:28,0
DA:31,1
DA:32,0
DA:33,0
DA:35,0
DA:36,0
DA:39,0
DA:41,0
DA:44,1
DA:45,0
DA:47,0
DA:48,0
DA:51,0
DA:53,1
LF:26
LH:15
BRDA:28,0,0,0
BRDA:28,0,1,0
BRDA:28,1,0,0
BRDA:28,1,1,0
BRDA:35,2,0,0
BRDA:47,3,0,0
BRF:6
BRH:0
end_of_record
TN:
SF:src/repositories/user.repository.ts
FN:12,(anonymous_1)
FN:13,(anonymous_3)
FN:19,(anonymous_4)
FNF:3
FNH:1
FNDA:1,(anonymous_1)
FNDA:0,(anonymous_3)
FNDA:0,(anonymous_4)
DA:1,1
DA:2,1
DA:12,1
DA:13,1
DA:14,0
DA:16,0
DA:19,1
DA:20,0
DA:23,1
LF:9
LH:6
BRF:0
BRH:0
end_of_record
TN:
SF:src/services/card.services.ts
FN:14,(anonymous_15)
FN:18,(anonymous_17)
FN:39,(anonymous_18)
FN:60,(anonymous_21)
FNF:4
FNH:1
FNDA:1,(anonymous_15)
FNDA:0,(anonymous_17)
FNDA:0,(anonymous_18)
FNDA:0,(anonymous_21)
DA:1,1
DA:3,1
DA:4,1
DA:14,1
DA:16,1
DA:18,1
DA:19,0
DA:21,0
DA:23,0
DA:25,0
DA:28,0
DA:29,0
DA:30,0
DA:31,0
DA:32,0
DA:33,0
DA:34,0
DA:36,0
DA:39,1
DA:40,0
DA:41,0
DA:42,0
DA:43,0
DA:44,0
DA:45,0
DA:46,0
DA:47,0
DA:48,0
DA:49,0
DA:50,0
DA:51,0
DA:52,0
DA:53,0
DA:56,0
DA:60,1
DA:61,0
DA:63,0
DA:65,1
LF:38
LH:9
BRDA:19,0,0,0
BRDA:21,1,0,0
BRDA:28,2,0,0
BRDA:28,3,0,0
BRDA:28,3,1,0
BRDA:29,4,0,0
BRDA:29,5,0,0
BRDA:29,5,1,0
BRDA:30,6,0,0
BRDA:30,7,0,0
BRDA:30,7,1,0
BRDA:31,8,0,0
BRDA:31,9,0,0
BRDA:31,9,1,0
BRDA:32,10,0,0
BRDA:32,11,0,0
BRDA:32,11,1,0
BRDA:33,12,0,0
BRDA:33,13,0,0
BRDA:33,13,1,0
BRDA:34,14,0,0
BRDA:34,15,0,0
BRDA:34,15,1,0
BRDA:56,16,0,0
BRDA:40,17,0,0
BRDA:40,17,1,0
BRDA:42,18,0,0
BRDA:42,18,1,0
BRDA:44,19,0,0
BRDA:44,19,1,0
BRDA:46,20,0,0
BRDA:46,20,1,0
BRDA:48,21,0,0
BRDA:48,21,1,0
BRDA:50,22,0,0
BRDA:50,22,1,0
BRDA:52,23,0,0
BRDA:63,24,0,0
BRF:38
BRH:0
end_of_record
TN:
SF:src/services/uuid.services.ts
FN:9,(anonymous_1)
FN:10,(anonymous_3)
FNF:2
FNH:2
FNDA:2,(anonymous_1)
FNDA:1,(anonymous_3)
DA:1,1
DA:2,1
DA:9,1
DA:10,1
DA:11,1
DA:14,1
LF:6
LH:6
BRF:0
BRH:0
end_of_record
TN:
SF:src/use-cases/cards.use-case.ts
FN:17,(anonymous_15)
FN:24,(anonymous_17)
FN:30,(anonymous_20)
FN:41,(anonymous_23)
FN:46,(anonymous_26)
FN:49,(anonymous_27)
FNF:6
FNH:1
FNDA:1,(anonymous_15)
FNDA:0,(anonymous_17)
FNDA:0,(anonymous_20)
FNDA:0,(anonymous_23)
FNDA:0,(anonymous_26)
FNDA:0,(anonymous_27)
DA:1,1
DA:3,1
DA:7,1
DA:17,1
DA:18,1
DA:20,1
DA:21,1
DA:24,1
DA:25,0
DA:27,0
DA:30,1
DA:31,0
DA:33,0
DA:41,1
DA:42,0
DA:44,0
DA:46,0
DA:49,1
DA:51,0
DA:53,0
DA:54,0
DA:56,0
DA:60,0
DA:64,1
LF:24
LH:12
BRDA:25,0,0,0
BRDA:25,0,1,0
BRDA:31,1,0,0
BRDA:41,2,0,0
BRDA:42,3,0,0
BRDA:54,4,0,0
BRDA:54,4,1,0
BRDA:54,4,2,0
BRDA:53,5,0,0
BRF:9
BRH:0
end_of_record
